<?xml version="1.0" encoding="UTF-8"?>
<!-- Generated by org.testng.reporters.JUnitXMLReporter -->
<testsuite hostname="megha-PC" name="Settings" tests="3" failures="0" timestamp="6 Aug 2015 00:26:32 GMT" time="108.75" errors="0">
  <testcase name="loadPage" time="15.461" classname="selenium.HowleySettings"/>
  <testcase name="login" time="34.356" classname="selenium.HowleySettings"/>
  <testcase name="clickSettings" time="33.586" classname="selenium.HowleySettings"/>
</testsuite> <!-- Settings -->
